Including symbol __utc from __utc.lo
Including symbol __month_to_secs from __month_to_secs.lo
Including symbol _exit from _exit.lo
Including symbol truncf from truncf.lo
Including symbol scalbnl from scalbnl.lo
Including symbol scalbn from scalbn.lo
Including symbol scalblnl from scalblnl.lo
Including symbol roundl from roundl.lo
Including symbol remquof from remquof.lo
Including symbol __pow_log_data from pow_data.lo
Including symbol llrintf from llrintf.lo
Including symbol modf from modf.lo
Including symbol log1p from log1p.lo
Including symbol ldexpl from ldexpl.lo
Including symbol fabsf from fabsf.lo
Including symbol frexpl from frexpl.lo
Including symbol fmod from fmod.lo
Including symbol fabsl from fabsl.lo
Including symbol log10f from log10f.lo
Including symbol remquo from remquo.lo
Including symbol __p1evll from __polevll.lo
Including symbol __polevll from __polevll.lo
Including symbol llrintl from llrintl.lo
Including symbol fabs from fabs.lo
Including symbol __signbitl from __signbitl.lo
Including symbol nanl from nanl.lo
Including symbol explicit_bzero from explicit_bzero.lo
Including symbol __math_xflowf from __math_xflowf.lo
Including symbol floor from floor.lo
Including symbol __math_invalid from __math_invalid.lo
Including symbol __fpclassifyl from __fpclassifyl.lo
Including symbol __fpclassifyf from __fpclassifyf.lo
Including symbol __fpclassify from __fpclassify.lo
Including symbol ceilf from ceilf.lo
Including symbol __math_divzero from __math_divzero.lo
Including symbol lroundl from lroundl.lo
Including symbol scalbln from scalbln.lo
Including symbol ilogbl from ilogbl.lo
Including symbol __log_data from log_data.lo
Including symbol readdir from readdir.lo
Including symbol scalbnf from scalbnf.lo
Including symbol log1pf from log1pf.lo
Including symbol rint from rint.lo
Including symbol nan from nan.lo
Including symbol log10 from log10.lo
Including symbol posix_fadvise from posix_fadvise.lo
Including symbol __year_to_secs from __year_to_secs.lo
Including symbol log1pl from log1pl.lo
Including symbol __math_xflow from __math_xflow.lo
Including symbol rintf from rintf.lo
Including symbol fmodl from fmodl.lo
Including symbol rintl from rintl.lo
Including symbol fmodf from fmodf.lo
Including symbol __exp_data from exp_data.lo
Including symbol frexp from frexp.lo
Including symbol __exp2f_data from exp2f_data.lo
Including symbol ilogbf from ilogbf.lo
Including symbol __libc from libc.lo
Including symbol __log2f_data from log2f_data.lo
Including symbol __powf_log2_data from powf_data.lo
Including symbol __math_invalidf from __math_invalidf.lo
Including symbol __signbit from __signbit.lo
Including symbol __math_uflowf from __math_uflowf.lo
Including symbol ilogb from ilogb.lo
Including symbol __syscall_ret from syscall_ret.lo
Including symbol __rsqrt_tab from sqrt_data.lo
Including symbol __funcs_on_quick_exit from quick_exit.lo
Including symbol quick_exit from quick_exit.lo
Including symbol sqrtl from sqrtl.lo
Including symbol __procfdname from procfdname.lo
Including symbol ldexp from ldexp.lo
Including symbol modfl from modfl.lo
Including symbol semctl from semctl.lo
Including symbol posix_fallocate from posix_fallocate.lo
Including symbol trunc from trunc.lo
Including symbol __math_divzerof from __math_divzerof.lo
Including symbol roundf from roundf.lo
Including symbol ceill from floorl.lo
Including symbol floorl from floorl.lo
Including symbol truncl from floorl.lo
Including symbol log10l from log10l.lo
Including symbol log2l from log2l.lo
Including symbol logl from logl.lo
Including symbol lrint from lrint.lo
Including symbol lrintf from lrintf.lo
Including symbol lrintl from lrintl.lo
Including symbol sqrt from sqrt.lo
Including symbol sqrtf from sqrtf.lo
Including symbol __xpg_basename from basename.lo
Including symbol basename from basename.lo
Including symbol getrlimit from getrlimit.lo
Including symbol frexpf from frexpf.lo
Including symbol nanf from nanf.lo
Including symbol llroundl from llroundl.lo
Including symbol __math_oflow from __math_oflow.lo
Including symbol __math_invalidl from __math_invalidl.lo
Including symbol getdents from getdents.lo
Including symbol remquol from remquol.lo
Including symbol round from round.lo
Including symbol __secs_to_tm from __secs_to_tm.lo
Including symbol ldexpf from ldexpf.lo
Including symbol llrint from llrint.lo
Including symbol modff from modff.lo
Including symbol __fstatat from fstatat.lo
Including symbol fstatat from fstatat.lo
Including symbol __syscall_cp from __syscall_cp.lo
Including symbol __syscall_cp_c from __syscall_cp.lo
Including symbol lstat from lstat.lo
Including symbol mknod from mknod.lo
Including symbol stat from stat.lo
Including symbol ceil from ceil.lo
Including symbol div from div.lo
Including symbol __signbitf from __signbitf.lo
Including symbol floorf from floorf.lo
Including symbol strlcpy from strlcpy.lo
Including symbol log from log.lo
Including symbol strlcat from strlcat.lo
Including symbol __lock from __lock.lo
Including symbol __unlock from __lock.lo
Including symbol call_once from call_once.lo
Including symbol truncate from truncate.lo
Including symbol pwrite from pwrite.lo
Including symbol ftruncate from ftruncate.lo
Including symbol __clock_nanosleep from clock_nanosleep.lo
Including symbol clock_nanosleep from clock_nanosleep.lo
Including symbol __clock_gettime from clock_gettime.lo
Including symbol clock_gettime from clock_gettime.lo
Including symbol __tm_to_secs from __tm_to_secs.lo
Including symbol logb from logb.lo
Including symbol fcntl from fcntl.lo
Including symbol scalblnf from scalblnf.lo
Including symbol __math_oflowf from __math_oflowf.lo
Including symbol timespec_get from timespec_get.lo
Including symbol log2f from log2f.lo
Including symbol readdir_r from readdir_r.lo
Including symbol preadv from preadv.lo
Including symbol __math_uflow from __math_uflow.lo
Including symbol llroundf from llroundf.lo
Including symbol pread from pread.lo
Including symbol __lseek from lseek.lo
Including symbol lseek from lseek.lo
Including symbol __secure_getenv from secure_getenv.lo
Including symbol secure_getenv from secure_getenv.lo
Including symbol prlimit from prlimit.lo
Including symbol fstatfs from statvfs.lo
Including symbol fstatvfs from statvfs.lo
Including symbol statfs from statvfs.lo
Including symbol statvfs from statvfs.lo
Including symbol mknodat from mknodat.lo
Including symbol sendfile from sendfile.lo
Including symbol shmctl from shmctl.lo
Including symbol __convert_scm_timestamps from recvmsg.lo
Including symbol recvmsg from recvmsg.lo
Including symbol __fstat from fstat.lo
Including symbol fstat from fstat.lo
Including symbol fallocate from fallocate.lo
Including symbol llround from llround.lo
Including symbol powf from powf.lo
Including symbol powl from powl.lo
Including symbol lroundf from lroundf.lo
Including symbol open from open.lo
Including symbol statx from statx.lo
Including symbol __at_quick_exit_lockptr from at_quick_exit.lo
Including symbol __funcs_on_quick_exit from at_quick_exit.lo
Including symbol at_quick_exit from at_quick_exit.lo
Including symbol openat from openat.lo
Including symbol __cxa_at_quick_exit from __cxa_at_quick_exit.lo
Including symbol __gmtime_r from gmtime_r.lo
Including symbol gmtime_r from gmtime_r.lo
Including symbol pwritev from pwritev.lo
Including symbol getrandom from getrandom.lo
Including symbol getentropy from getentropy.lo
Including symbol lockf from lockf.lo
Including symbol lround from lround.lo
Including symbol recvmmsg from recvmmsg.lo
Including symbol sendmmsg from sendmmsg.lo
Including symbol sendmsg from sendmsg.lo
Including symbol gmtime from gmtime.lo
Including symbol pow from pow.lo
Including symbol creat from creat.lo
/musl-cross-make/output/bin/x86_64-linux-muslx32-gcc-ar x /musl-cross-make/output/x86_64-linux-muslx32/lib/libc.a __utc.lo __month_to_secs.lo _exit.lo truncf.lo scalbnl.lo scalbn.lo scalblnl.lo roundl.lo remquof.lo pow_data.lo llrintf.lo modf.lo log1p.lo ldexpl.lo fabsf.lo frexpl.lo fmod.lo fabsl.lo log10f.lo remquo.lo __polevll.lo llrintl.lo fabs.lo __signbitl.lo nanl.lo explicit_bzero.lo __math_xflowf.lo floor.lo __math_invalid.lo __fpclassifyl.lo __fpclassifyf.lo __fpclassify.lo ceilf.lo __math_divzero.lo lroundl.lo scalbln.lo ilogbl.lo log_data.lo readdir.lo scalbnf.lo log1pf.lo rint.lo nan.lo log10.lo posix_fadvise.lo __year_to_secs.lo log1pl.lo __math_xflow.lo rintf.lo fmodl.lo rintl.lo fmodf.lo exp_data.lo frexp.lo exp2f_data.lo ilogbf.lo libc.lo log2f_data.lo powf_data.lo __math_invalidf.lo __signbit.lo __math_uflowf.lo ilogb.lo syscall_ret.lo sqrt_data.lo quick_exit.lo sqrtl.lo procfdname.lo ldexp.lo modfl.lo semctl.lo posix_fallocate.lo trunc.lo __math_divzerof.lo roundf.lo floorl.lo log10l.lo log2l.lo logl.lo lrint.lo lrintf.lo lrintl.lo sqrt.lo sqrtf.lo basename.lo getrlimit.lo frexpf.lo nanf.lo llroundl.lo __math_oflow.lo __math_invalidl.lo getdents.lo remquol.lo round.lo __secs_to_tm.lo ldexpf.lo llrint.lo modff.lo fstatat.lo __syscall_cp.lo lstat.lo mknod.lo stat.lo ceil.lo div.lo __signbitf.lo floorf.lo strlcpy.lo log.lo strlcat.lo __lock.lo call_once.lo truncate.lo pwrite.lo ftruncate.lo clock_nanosleep.lo clock_gettime.lo __tm_to_secs.lo logb.lo fcntl.lo scalblnf.lo __math_oflowf.lo timespec_get.lo log2f.lo readdir_r.lo preadv.lo __math_uflow.lo llroundf.lo pread.lo lseek.lo secure_getenv.lo prlimit.lo statvfs.lo mknodat.lo sendfile.lo shmctl.lo recvmsg.lo fstat.lo fallocate.lo llround.lo powf.lo powl.lo lroundf.lo open.lo statx.lo at_quick_exit.lo openat.lo __cxa_at_quick_exit.lo gmtime_r.lo pwritev.lo getrandom.lo getentropy.lo lockf.lo lround.lo recvmmsg.lo sendmmsg.lo sendmsg.lo gmtime.lo pow.lo creat.lo
/musl-cross-make/output/bin/x86_64-linux-muslx32-objcopy --localize-symbol __hwcap --localize-symbol __progname --localize-symbol __progname_full --localize-symbol program_invocation_name --localize-symbol program_invocation_short_name libc.lo
/musl-cross-make/output/bin/x86_64-linux-muslx32-gcc-ar cr /musl-cross-make/output/x86_64-linux-muslx32/lib/libgabi.a __utc.lo __month_to_secs.lo _exit.lo truncf.lo scalbnl.lo scalbn.lo scalblnl.lo roundl.lo remquof.lo pow_data.lo llrintf.lo modf.lo log1p.lo ldexpl.lo fabsf.lo frexpl.lo fmod.lo fabsl.lo log10f.lo remquo.lo __polevll.lo llrintl.lo fabs.lo __signbitl.lo nanl.lo explicit_bzero.lo __math_xflowf.lo floor.lo __math_invalid.lo __fpclassifyl.lo __fpclassifyf.lo __fpclassify.lo ceilf.lo __math_divzero.lo lroundl.lo scalbln.lo ilogbl.lo log_data.lo readdir.lo scalbnf.lo log1pf.lo rint.lo nan.lo log10.lo posix_fadvise.lo __year_to_secs.lo log1pl.lo __math_xflow.lo rintf.lo fmodl.lo rintl.lo fmodf.lo exp_data.lo frexp.lo exp2f_data.lo ilogbf.lo libc.lo log2f_data.lo powf_data.lo __math_invalidf.lo __signbit.lo __math_uflowf.lo ilogb.lo syscall_ret.lo sqrt_data.lo quick_exit.lo sqrtl.lo procfdname.lo ldexp.lo modfl.lo semctl.lo posix_fallocate.lo trunc.lo __math_divzerof.lo roundf.lo floorl.lo log10l.lo log2l.lo logl.lo lrint.lo lrintf.lo lrintl.lo sqrt.lo sqrtf.lo basename.lo getrlimit.lo frexpf.lo nanf.lo llroundl.lo __math_oflow.lo __math_invalidl.lo getdents.lo remquol.lo round.lo __secs_to_tm.lo ldexpf.lo llrint.lo modff.lo fstatat.lo __syscall_cp.lo lstat.lo mknod.lo stat.lo ceil.lo div.lo __signbitf.lo floorf.lo strlcpy.lo log.lo strlcat.lo __lock.lo call_once.lo truncate.lo pwrite.lo ftruncate.lo clock_nanosleep.lo clock_gettime.lo __tm_to_secs.lo logb.lo fcntl.lo scalblnf.lo __math_oflowf.lo timespec_get.lo log2f.lo readdir_r.lo preadv.lo __math_uflow.lo llroundf.lo pread.lo lseek.lo secure_getenv.lo prlimit.lo statvfs.lo mknodat.lo sendfile.lo shmctl.lo recvmsg.lo fstat.lo fallocate.lo llround.lo powf.lo powl.lo lroundf.lo open.lo statx.lo at_quick_exit.lo openat.lo __cxa_at_quick_exit.lo gmtime_r.lo pwritev.lo getrandom.lo getentropy.lo lockf.lo lround.lo recvmmsg.lo sendmmsg.lo sendmsg.lo gmtime.lo pow.lo creat.lo
rm -f __utc.lo __month_to_secs.lo _exit.lo truncf.lo scalbnl.lo scalbn.lo scalblnl.lo roundl.lo remquof.lo pow_data.lo llrintf.lo modf.lo log1p.lo ldexpl.lo fabsf.lo frexpl.lo fmod.lo fabsl.lo log10f.lo remquo.lo __polevll.lo llrintl.lo fabs.lo __signbitl.lo nanl.lo explicit_bzero.lo __math_xflowf.lo floor.lo __math_invalid.lo __fpclassifyl.lo __fpclassifyf.lo __fpclassify.lo ceilf.lo __math_divzero.lo lroundl.lo scalbln.lo ilogbl.lo log_data.lo readdir.lo scalbnf.lo log1pf.lo rint.lo nan.lo log10.lo posix_fadvise.lo __year_to_secs.lo log1pl.lo __math_xflow.lo rintf.lo fmodl.lo rintl.lo fmodf.lo exp_data.lo frexp.lo exp2f_data.lo ilogbf.lo libc.lo log2f_data.lo powf_data.lo __math_invalidf.lo __signbit.lo __math_uflowf.lo ilogb.lo syscall_ret.lo sqrt_data.lo quick_exit.lo sqrtl.lo procfdname.lo ldexp.lo modfl.lo semctl.lo posix_fallocate.lo trunc.lo __math_divzerof.lo roundf.lo floorl.lo log10l.lo log2l.lo logl.lo lrint.lo lrintf.lo lrintl.lo sqrt.lo sqrtf.lo basename.lo getrlimit.lo frexpf.lo nanf.lo llroundl.lo __math_oflow.lo __math_invalidl.lo getdents.lo remquol.lo round.lo __secs_to_tm.lo ldexpf.lo llrint.lo modff.lo fstatat.lo __syscall_cp.lo lstat.lo mknod.lo stat.lo ceil.lo div.lo __signbitf.lo floorf.lo strlcpy.lo log.lo strlcat.lo __lock.lo call_once.lo truncate.lo pwrite.lo ftruncate.lo clock_nanosleep.lo clock_gettime.lo __tm_to_secs.lo logb.lo fcntl.lo scalblnf.lo __math_oflowf.lo timespec_get.lo log2f.lo readdir_r.lo preadv.lo __math_uflow.lo llroundf.lo pread.lo lseek.lo secure_getenv.lo prlimit.lo statvfs.lo mknodat.lo sendfile.lo shmctl.lo recvmsg.lo fstat.lo fallocate.lo llround.lo powf.lo powl.lo lroundf.lo open.lo statx.lo at_quick_exit.lo openat.lo __cxa_at_quick_exit.lo gmtime_r.lo pwritev.lo getrandom.lo getentropy.lo lockf.lo lround.lo recvmmsg.lo sendmmsg.lo sendmsg.lo gmtime.lo pow.lo creat.lo
